<?xml version="1.0" encoding="UTF-8"?>
<testng-results skipped="0" failed="0" ignored="0" total="1" passed="1">
  <reporter-output>
  </reporter-output>
  <suite name="Default suite" duration-ms="14841" started-at="2020-11-12T17:00:42 EST" finished-at="2020-11-12T17:00:57 EST">
    <groups>
    </groups>
    <test name="Default test" duration-ms="14841" started-at="2020-11-12T17:00:42 EST" finished-at="2020-11-12T17:00:57 EST">
      <class name="main.Runner">
        <test-method status="PASS" signature="openBrowser()[pri:0, instance:main.Runner@22a67b4]" name="openBrowser" is-config="true" duration-ms="13204" started-at="2020-11-12T17:00:42 EST" finished-at="2020-11-12T17:00:55 EST">
          <reporter-output>
          </reporter-output>
        </test-method> <!-- openBrowser -->
        <test-method status="PASS" signature="main()[pri:0, instance:main.Runner@22a67b4]" name="main" duration-ms="879" started-at="2020-11-12T17:00:55 EST" finished-at="2020-11-12T17:00:56 EST">
          <reporter-output>
          </reporter-output>
        </test-method> <!-- main -->
        <test-method status="PASS" signature="quit()[pri:0, instance:main.Runner@22a67b4]" name="quit" is-config="true" duration-ms="710" started-at="2020-11-12T17:00:56 EST" finished-at="2020-11-12T17:00:57 EST">
          <reporter-output>
          </reporter-output>
        </test-method> <!-- quit -->
      </class> <!-- main.Runner -->
    </test> <!-- Default test -->
  </suite> <!-- Default suite -->
</testng-results>
